<?xml version="1.0" encoding="UTF-8"?>
<!-- Generated by org.testng.reporters.JUnitReportReporter -->
<testsuite hostname="DESKTOP-C9HH0PJ" failures="0" tests="1" name="loginPage.MyTestCases" time="1.152" errors="0" timestamp="2025-07-16T16:51:29 EET" skipped="0">
  <testcase classname="loginPage.MyTestCases" name="signup" time="1.152"/>
</testsuite> <!-- loginPage.MyTestCases -->
